
*** Running vivado
    with args -log system.vds -m64 -product Vivado -mode batch -messageDb vivado.pb -notrace -source system.tcl


****** Vivado v2018.3 (64-bit)
  **** SW Build 2405991 on Thu Dec  6 23:38:27 MST 2018
  **** IP Build 2404404 on Fri Dec  7 01:43:56 MST 2018
    ** Copyright 1986-2018 Xilinx, Inc. All Rights Reserved.

Sourcing tcl script 'C:/Users/Jade/AppData/Roaming/Xilinx/Vivado/Vivado_init.tcl'
0 Beta devices matching pattern found, 0 enabled.
source system.tcl -notrace
Command: synth_design -top system -part xc7a35tcpg236-1
Starting synth_design
Attempting to get a license for feature 'Synthesis' and/or device 'xc7a35t'
INFO: [Common 17-349] Got license for feature 'Synthesis' and/or device 'xc7a35t'
INFO: Launching helper process for spawning children vivado processes
INFO: Helper process launched with PID 7840 
WARNING: [Synth 8-2611] redeclaration of ansi port out is not allowed [C:/Users/Jade/Downloads/Lab_02/Lab_02.srcs/sources_1/new/BCD.v:27]
WARNING: [Synth 8-2611] redeclaration of ansi port cout is not allowed [C:/Users/Jade/Downloads/Lab_02/Lab_02.srcs/sources_1/new/BCD.v:28]
WARNING: [Synth 8-2611] redeclaration of ansi port bout is not allowed [C:/Users/Jade/Downloads/Lab_02/Lab_02.srcs/sources_1/new/BCD.v:28]
WARNING: [Synth 8-2611] redeclaration of ansi port clkDiv is not allowed [C:/Users/Jade/Downloads/Lab_02/Lab_02.srcs/sources_1/new/clockDiv.v:25]
WARNING: [Synth 8-2611] redeclaration of ansi port pos is not allowed [C:/Users/Jade/Downloads/Lab_3/Lab_3.srcs/sources_1/new/flipflop.v:24]
WARNING: [Synth 8-2611] redeclaration of ansi port var is not allowed [C:/Users/Jade/Downloads/Lab_3/Lab_3.srcs/sources_1/new/flipflop.v:25]
WARNING: [Synth 8-2611] redeclaration of ansi port clk is not allowed [C:/Users/Jade/Downloads/Lab_3/Lab_3.srcs/sources_1/new/flipflop.v:25]
WARNING: [Synth 8-2611] redeclaration of ansi port segments is not allowed [C:/Users/Jade/Downloads/Lab_02/Lab_02.srcs/sources_1/new/segmentDecoder.v:25]
WARNING: [Synth 8-2611] redeclaration of ansi port pos is not allowed [C:/Users/Jade/Downloads/Lab_3/Lab_3.srcs/sources_1/new/singlePulser.v:25]
WARNING: [Synth 8-2611] redeclaration of ansi port var is not allowed [C:/Users/Jade/Downloads/Lab_3/Lab_3.srcs/sources_1/new/singlePulser.v:26]
WARNING: [Synth 8-2611] redeclaration of ansi port clk is not allowed [C:/Users/Jade/Downloads/Lab_3/Lab_3.srcs/sources_1/new/singlePulser.v:26]
---------------------------------------------------------------------------------
Starting RTL Elaboration : Time (s): cpu = 00:00:02 ; elapsed = 00:00:03 . Memory (MB): peak = 421.078 ; gain = 111.531
---------------------------------------------------------------------------------
INFO: [Synth 8-6157] synthesizing module 'system' [C:/Users/Jade/Downloads/Lab_02/Lab_02.srcs/sources_1/new/system.v:23]
INFO: [Synth 8-6157] synthesizing module 'clockDiv' [C:/Users/Jade/Downloads/Lab_02/Lab_02.srcs/sources_1/new/clockDiv.v:23]
INFO: [Synth 8-6155] done synthesizing module 'clockDiv' (1#1) [C:/Users/Jade/Downloads/Lab_02/Lab_02.srcs/sources_1/new/clockDiv.v:23]
INFO: [Synth 8-6157] synthesizing module 'quadSevenSeg' [C:/Users/Jade/Downloads/Lab_02/Lab_02.srcs/sources_1/new/quadSevenSeg.v:23]
INFO: [Synth 8-6157] synthesizing module 'hexTo7Segment' [C:/Users/Jade/Downloads/Lab_02/Lab_02.srcs/sources_1/new/segmentDecoder.v:23]
INFO: [Synth 8-6155] done synthesizing module 'hexTo7Segment' (2#1) [C:/Users/Jade/Downloads/Lab_02/Lab_02.srcs/sources_1/new/segmentDecoder.v:23]
WARNING: [Synth 8-567] referenced signal 'num0' should be on the sensitivity list [C:/Users/Jade/Downloads/Lab_02/Lab_02.srcs/sources_1/new/quadSevenSeg.v:57]
WARNING: [Synth 8-567] referenced signal 'num1' should be on the sensitivity list [C:/Users/Jade/Downloads/Lab_02/Lab_02.srcs/sources_1/new/quadSevenSeg.v:57]
WARNING: [Synth 8-567] referenced signal 'num2' should be on the sensitivity list [C:/Users/Jade/Downloads/Lab_02/Lab_02.srcs/sources_1/new/quadSevenSeg.v:57]
WARNING: [Synth 8-567] referenced signal 'num3' should be on the sensitivity list [C:/Users/Jade/Downloads/Lab_02/Lab_02.srcs/sources_1/new/quadSevenSeg.v:57]
INFO: [Synth 8-6155] done synthesizing module 'quadSevenSeg' (3#1) [C:/Users/Jade/Downloads/Lab_02/Lab_02.srcs/sources_1/new/quadSevenSeg.v:23]
INFO: [Synth 8-6157] synthesizing module 'flipflop' [C:/Users/Jade/Downloads/Lab_3/Lab_3.srcs/sources_1/new/flipflop.v:23]
INFO: [Synth 8-6155] done synthesizing module 'flipflop' (4#1) [C:/Users/Jade/Downloads/Lab_3/Lab_3.srcs/sources_1/new/flipflop.v:23]
INFO: [Synth 8-6157] synthesizing module 'singlePulser' [C:/Users/Jade/Downloads/Lab_3/Lab_3.srcs/sources_1/new/singlePulser.v:23]
INFO: [Synth 8-6155] done synthesizing module 'singlePulser' (5#1) [C:/Users/Jade/Downloads/Lab_3/Lab_3.srcs/sources_1/new/singlePulser.v:23]
INFO: [Synth 8-6157] synthesizing module 'BCD' [C:/Users/Jade/Downloads/Lab_02/Lab_02.srcs/sources_1/new/BCD.v:23]
INFO: [Synth 8-155] case statement is not full and has no default [C:/Users/Jade/Downloads/Lab_02/Lab_02.srcs/sources_1/new/BCD.v:37]
INFO: [Synth 8-6155] done synthesizing module 'BCD' (6#1) [C:/Users/Jade/Downloads/Lab_02/Lab_02.srcs/sources_1/new/BCD.v:23]
INFO: [Synth 8-6155] done synthesizing module 'system' (7#1) [C:/Users/Jade/Downloads/Lab_02/Lab_02.srcs/sources_1/new/system.v:23]
---------------------------------------------------------------------------------
Finished RTL Elaboration : Time (s): cpu = 00:00:02 ; elapsed = 00:00:03 . Memory (MB): peak = 454.367 ; gain = 144.820
---------------------------------------------------------------------------------

Report Check Netlist: 
+------+------------------+-------+---------+-------+------------------+
|      |Item              |Errors |Warnings |Status |Description       |
+------+------------------+-------+---------+-------+------------------+
|1     |multi_driven_nets |      0|        0|Passed |Multi driven nets |
+------+------------------+-------+---------+-------+------------------+
---------------------------------------------------------------------------------
Start Handling Custom Attributes
---------------------------------------------------------------------------------
---------------------------------------------------------------------------------
Finished Handling Custom Attributes : Time (s): cpu = 00:00:02 ; elapsed = 00:00:03 . Memory (MB): peak = 454.367 ; gain = 144.820
---------------------------------------------------------------------------------
---------------------------------------------------------------------------------
Finished RTL Optimization Phase 1 : Time (s): cpu = 00:00:02 ; elapsed = 00:00:03 . Memory (MB): peak = 454.367 ; gain = 144.820
---------------------------------------------------------------------------------
INFO: [Device 21-403] Loading part xc7a35tcpg236-1
INFO: [Project 1-570] Preparing netlist for logic optimization

Processing XDC Constraints
Initializing timing engine
Parsing XDC File [C:/Users/Jade/Downloads/Lab_3/Lab_3.srcs/constrs_1/new/Basys-3-Master.xdc]
Finished Parsing XDC File [C:/Users/Jade/Downloads/Lab_3/Lab_3.srcs/constrs_1/new/Basys-3-Master.xdc]
INFO: [Project 1-236] Implementation specific constraints were found while reading constraint file [C:/Users/Jade/Downloads/Lab_3/Lab_3.srcs/constrs_1/new/Basys-3-Master.xdc]. These constraints will be ignored for synthesis but will be used in implementation. Impacted constraints are listed in the file [.Xil/system_propImpl.xdc].
Resolution: To avoid this warning, move constraints listed in [.Xil/system_propImpl.xdc] to another XDC file and exclude this new file from synthesis with the used_in_synthesis property (File Properties dialog in GUI) and re-run elaboration/synthesis.
Netlist sorting complete. Time (s): cpu = 00:00:00 ; elapsed = 00:00:00.001 . Memory (MB): peak = 792.773 ; gain = 0.000
Completed Processing XDC Constraints

Netlist sorting complete. Time (s): cpu = 00:00:00 ; elapsed = 00:00:00 . Memory (MB): peak = 792.773 ; gain = 0.000
INFO: [Project 1-111] Unisim Transformation Summary:
No Unisim elements were transformed.

Netlist sorting complete. Time (s): cpu = 00:00:00 ; elapsed = 00:00:00.001 . Memory (MB): peak = 792.773 ; gain = 0.000
Constraint Validation Runtime : Time (s): cpu = 00:00:00 ; elapsed = 00:00:00.009 . Memory (MB): peak = 792.773 ; gain = 0.000
---------------------------------------------------------------------------------
Finished Constraint Validation : Time (s): cpu = 00:00:09 ; elapsed = 00:00:11 . Memory (MB): peak = 792.773 ; gain = 483.227
---------------------------------------------------------------------------------
---------------------------------------------------------------------------------
Start Loading Part and Timing Information
---------------------------------------------------------------------------------
Loading part: xc7a35tcpg236-1
---------------------------------------------------------------------------------
Finished Loading Part and Timing Information : Time (s): cpu = 00:00:09 ; elapsed = 00:00:11 . Memory (MB): peak = 792.773 ; gain = 483.227
---------------------------------------------------------------------------------
---------------------------------------------------------------------------------
Start Applying 'set_property' XDC Constraints
---------------------------------------------------------------------------------
---------------------------------------------------------------------------------
Finished applying 'set_property' XDC Constraints : Time (s): cpu = 00:00:09 ; elapsed = 00:00:11 . Memory (MB): peak = 792.773 ; gain = 483.227
---------------------------------------------------------------------------------
INFO: [Synth 8-5544] ROM "cout" won't be mapped to Block RAM because address size (4) smaller than threshold (5)
---------------------------------------------------------------------------------
Finished RTL Optimization Phase 2 : Time (s): cpu = 00:00:09 ; elapsed = 00:00:11 . Memory (MB): peak = 792.773 ; gain = 483.227
---------------------------------------------------------------------------------

Report RTL Partitions: 
+-+--------------+------------+----------+
| |RTL Partition |Replication |Instances |
+-+--------------+------------+----------+
+-+--------------+------------+----------+
---------------------------------------------------------------------------------
Start RTL Component Statistics 
---------------------------------------------------------------------------------
Detailed RTL Component Info : 
+---Adders : 
	   2 Input      5 Bit       Adders := 8     
	   2 Input      2 Bit       Adders := 1     
+---Registers : 
	                4 Bit    Registers := 4     
	                2 Bit    Registers := 1     
	                1 Bit    Registers := 57    
+---Muxes : 
	   4 Input      4 Bit        Muxes := 2     
	   5 Input      4 Bit        Muxes := 4     
	   4 Input      1 Bit        Muxes := 30    
	   5 Input      1 Bit        Muxes := 16    
---------------------------------------------------------------------------------
Finished RTL Component Statistics 
---------------------------------------------------------------------------------
---------------------------------------------------------------------------------
Start RTL Hierarchical Component Statistics 
---------------------------------------------------------------------------------
Hierarchical RTL Component report 
Module clockDiv 
Detailed RTL Component Info : 
+---Registers : 
	                1 Bit    Registers := 1     
Module quadSevenSeg 
Detailed RTL Component Info : 
+---Adders : 
	   2 Input      2 Bit       Adders := 1     
+---Registers : 
	                2 Bit    Registers := 1     
+---Muxes : 
	   4 Input      4 Bit        Muxes := 2     
Module flipflop 
Detailed RTL Component Info : 
+---Registers : 
	                1 Bit    Registers := 1     
Module singlePulser 
Detailed RTL Component Info : 
+---Registers : 
	                1 Bit    Registers := 2     
+---Muxes : 
	   4 Input      1 Bit        Muxes := 3     
Module BCD 
Detailed RTL Component Info : 
+---Adders : 
	   2 Input      5 Bit       Adders := 2     
+---Registers : 
	                4 Bit    Registers := 1     
	                1 Bit    Registers := 2     
+---Muxes : 
	   5 Input      4 Bit        Muxes := 1     
	   5 Input      1 Bit        Muxes := 4     
---------------------------------------------------------------------------------
Finished RTL Hierarchical Component Statistics
---------------------------------------------------------------------------------
---------------------------------------------------------------------------------
Start Part Resource Summary
---------------------------------------------------------------------------------
Part Resources:
DSPs: 90 (col length:60)
BRAMs: 100 (col length: RAMB18 60 RAMB36 30)
---------------------------------------------------------------------------------
Finished Part Resource Summary
---------------------------------------------------------------------------------
---------------------------------------------------------------------------------
Start Cross Boundary and Area Optimization
---------------------------------------------------------------------------------
Warning: Parallel synthesis criteria is not met 
WARNING: [Synth 8-3917] design system has port dp driven by constant 0
---------------------------------------------------------------------------------
Finished Cross Boundary and Area Optimization : Time (s): cpu = 00:00:12 ; elapsed = 00:00:15 . Memory (MB): peak = 792.773 ; gain = 483.227
---------------------------------------------------------------------------------

Report RTL Partitions: 
+-+--------------+------------+----------+
| |RTL Partition |Replication |Instances |
+-+--------------+------------+----------+
+-+--------------+------------+----------+
---------------------------------------------------------------------------------
Start Applying XDC Timing Constraints
---------------------------------------------------------------------------------
---------------------------------------------------------------------------------
Finished Applying XDC Timing Constraints : Time (s): cpu = 00:00:20 ; elapsed = 00:00:22 . Memory (MB): peak = 792.773 ; gain = 483.227
---------------------------------------------------------------------------------
---------------------------------------------------------------------------------
Start Timing Optimization
---------------------------------------------------------------------------------
---------------------------------------------------------------------------------
Finished Timing Optimization : Time (s): cpu = 00:00:20 ; elapsed = 00:00:22 . Memory (MB): peak = 792.773 ; gain = 483.227
---------------------------------------------------------------------------------

Report RTL Partitions: 
+-+--------------+------------+----------+
| |RTL Partition |Replication |Instances |
+-+--------------+------------+----------+
+-+--------------+------------+----------+
---------------------------------------------------------------------------------
Start Technology Mapping
---------------------------------------------------------------------------------
---------------------------------------------------------------------------------
Finished Technology Mapping : Time (s): cpu = 00:00:20 ; elapsed = 00:00:22 . Memory (MB): peak = 820.199 ; gain = 510.652
---------------------------------------------------------------------------------

Report RTL Partitions: 
+-+--------------+------------+----------+
| |RTL Partition |Replication |Instances |
+-+--------------+------------+----------+
+-+--------------+------------+----------+
---------------------------------------------------------------------------------
Start IO Insertion
---------------------------------------------------------------------------------
---------------------------------------------------------------------------------
Start Flattening Before IO Insertion
---------------------------------------------------------------------------------
---------------------------------------------------------------------------------
Finished Flattening Before IO Insertion
---------------------------------------------------------------------------------
---------------------------------------------------------------------------------
Start Final Netlist Cleanup
---------------------------------------------------------------------------------
---------------------------------------------------------------------------------
Finished Final Netlist Cleanup
---------------------------------------------------------------------------------
---------------------------------------------------------------------------------
Finished IO Insertion : Time (s): cpu = 00:00:21 ; elapsed = 00:00:23 . Memory (MB): peak = 820.199 ; gain = 510.652
---------------------------------------------------------------------------------

Report Check Netlist: 
+------+------------------+-------+---------+-------+------------------+
|      |Item              |Errors |Warnings |Status |Description       |
+------+------------------+-------+---------+-------+------------------+
|1     |multi_driven_nets |      0|        0|Passed |Multi driven nets |
+------+------------------+-------+---------+-------+------------------+
---------------------------------------------------------------------------------
Start Renaming Generated Instances
---------------------------------------------------------------------------------
---------------------------------------------------------------------------------
Finished Renaming Generated Instances : Time (s): cpu = 00:00:21 ; elapsed = 00:00:23 . Memory (MB): peak = 820.199 ; gain = 510.652
---------------------------------------------------------------------------------

Report RTL Partitions: 
+-+--------------+------------+----------+
| |RTL Partition |Replication |Instances |
+-+--------------+------------+----------+
+-+--------------+------------+----------+
---------------------------------------------------------------------------------
Start Rebuilding User Hierarchy
---------------------------------------------------------------------------------
---------------------------------------------------------------------------------
Finished Rebuilding User Hierarchy : Time (s): cpu = 00:00:21 ; elapsed = 00:00:23 . Memory (MB): peak = 820.199 ; gain = 510.652
---------------------------------------------------------------------------------
---------------------------------------------------------------------------------
Start Renaming Generated Ports
---------------------------------------------------------------------------------
---------------------------------------------------------------------------------
Finished Renaming Generated Ports : Time (s): cpu = 00:00:21 ; elapsed = 00:00:23 . Memory (MB): peak = 820.199 ; gain = 510.652
---------------------------------------------------------------------------------
---------------------------------------------------------------------------------
Start Handling Custom Attributes
---------------------------------------------------------------------------------
---------------------------------------------------------------------------------
Finished Handling Custom Attributes : Time (s): cpu = 00:00:21 ; elapsed = 00:00:23 . Memory (MB): peak = 820.199 ; gain = 510.652
---------------------------------------------------------------------------------
---------------------------------------------------------------------------------
Start Renaming Generated Nets
---------------------------------------------------------------------------------
---------------------------------------------------------------------------------
Finished Renaming Generated Nets : Time (s): cpu = 00:00:21 ; elapsed = 00:00:23 . Memory (MB): peak = 820.199 ; gain = 510.652
---------------------------------------------------------------------------------
---------------------------------------------------------------------------------
Start Writing Synthesis Report
---------------------------------------------------------------------------------

Report BlackBoxes: 
+-+--------------+----------+
| |BlackBox name |Instances |
+-+--------------+----------+
+-+--------------+----------+

Report Cell Usage: 
+------+-----+------+
|      |Cell |Count |
+------+-----+------+
|1     |BUFG |     2|
|2     |LUT1 |    20|
|3     |LUT2 |    25|
|4     |LUT3 |     8|
|5     |LUT4 |    14|
|6     |LUT5 |     2|
|7     |LUT6 |    32|
|8     |FDRE |    73|
|9     |IBUF |    11|
|10    |OBUF |    12|
+------+-----+------+

Report Instance Areas: 
+------+---------------------+----------------+------+
|      |Instance             |Module          |Cells |
+------+---------------------+----------------+------+
|1     |top                  |                |   199|
|2     |  bcd0               |BCD             |    19|
|3     |  bcd1               |BCD_0           |    18|
|4     |  bcd2               |BCD_1           |    24|
|5     |  bcd3               |BCD_2           |    12|
|6     |  fdivTarget         |clockDiv        |     2|
|7     |  flipDown0          |flipflop        |     2|
|8     |  flipDown1          |flipflop_3      |     2|
|9     |  flipDown2          |flipflop_4      |     2|
|10    |  flipDown3          |flipflop_5      |     2|
|11    |  flipSet0           |flipflop_6      |     2|
|12    |  flipSet9           |flipflop_7      |     2|
|13    |  flipUp0            |flipflop_8      |     2|
|14    |  flipUp1            |flipflop_9      |     2|
|15    |  flipUp2            |flipflop_10     |     2|
|16    |  flipUp3            |flipflop_11     |     2|
|17    |  \genblk1[0].fdiv   |clockDiv_12     |     2|
|18    |  \genblk1[10].fdiv  |clockDiv_13     |     2|
|19    |  \genblk1[11].fdiv  |clockDiv_14     |     2|
|20    |  \genblk1[12].fdiv  |clockDiv_15     |     2|
|21    |  \genblk1[13].fdiv  |clockDiv_16     |     2|
|22    |  \genblk1[14].fdiv  |clockDiv_17     |     2|
|23    |  \genblk1[15].fdiv  |clockDiv_18     |     2|
|24    |  \genblk1[16].fdiv  |clockDiv_19     |     2|
|25    |  \genblk1[17].fdiv  |clockDiv_20     |     2|
|26    |  \genblk1[1].fdiv   |clockDiv_21     |     2|
|27    |  \genblk1[2].fdiv   |clockDiv_22     |     2|
|28    |  \genblk1[3].fdiv   |clockDiv_23     |     2|
|29    |  \genblk1[4].fdiv   |clockDiv_24     |     2|
|30    |  \genblk1[5].fdiv   |clockDiv_25     |     2|
|31    |  \genblk1[6].fdiv   |clockDiv_26     |     2|
|32    |  \genblk1[7].fdiv   |clockDiv_27     |     2|
|33    |  \genblk1[8].fdiv   |clockDiv_28     |     2|
|34    |  \genblk1[9].fdiv   |clockDiv_29     |     2|
|35    |  pulseDown0         |singlePulser    |     2|
|36    |  pulseDown2         |singlePulser_30 |     2|
|37    |  pulseDown3         |singlePulser_31 |     2|
|38    |  pulseSet0          |singlePulser_32 |     2|
|39    |  pulseSet9          |singlePulser_33 |     6|
|40    |  pulseUp0           |singlePulser_34 |     2|
|41    |  pulseUp1           |singlePulser_35 |     2|
|42    |  pulseUp2           |singlePulser_36 |     2|
|43    |  pulseUp3           |singlePulser_37 |     2|
|44    |  q7seg              |quadSevenSeg    |    19|
|45    |  seDown1            |singlePulser_38 |     2|
+------+---------------------+----------------+------+
---------------------------------------------------------------------------------
Finished Writing Synthesis Report : Time (s): cpu = 00:00:21 ; elapsed = 00:00:23 . Memory (MB): peak = 820.199 ; gain = 510.652
---------------------------------------------------------------------------------
Synthesis finished with 0 errors, 0 critical warnings and 1 warnings.
Synthesis Optimization Runtime : Time (s): cpu = 00:00:14 ; elapsed = 00:00:18 . Memory (MB): peak = 820.199 ; gain = 172.246
Synthesis Optimization Complete : Time (s): cpu = 00:00:21 ; elapsed = 00:00:23 . Memory (MB): peak = 820.199 ; gain = 510.652
INFO: [Project 1-571] Translating synthesized netlist
INFO: [Project 1-570] Preparing netlist for logic optimization
INFO: [Opt 31-138] Pushed 0 inverter(s) to 0 load pin(s).
Netlist sorting complete. Time (s): cpu = 00:00:00 ; elapsed = 00:00:00.001 . Memory (MB): peak = 820.199 ; gain = 0.000
INFO: [Project 1-111] Unisim Transformation Summary:
No Unisim elements were transformed.

INFO: [Common 17-83] Releasing license: Synthesis
26 Infos, 16 Warnings, 0 Critical Warnings and 0 Errors encountered.
synth_design completed successfully
synth_design: Time (s): cpu = 00:00:23 ; elapsed = 00:00:25 . Memory (MB): peak = 820.199 ; gain = 523.340
Netlist sorting complete. Time (s): cpu = 00:00:00 ; elapsed = 00:00:00 . Memory (MB): peak = 820.199 ; gain = 0.000
WARNING: [Constraints 18-5210] No constraints selected for write.
Resolution: This message can indicate that there are no constraints for the design, or it can indicate that the used_in flags are set such that the constraints are ignored. This later case is used when running synth_design to not write synthesis constraints to the resulting checkpoint. Instead, project constraints are read when the synthesized design is opened.
INFO: [Common 17-1381] The checkpoint 'C:/Users/Jade/Downloads/Lab_3/Lab_3.runs/synth_1/system.dcp' has been generated.
INFO: [runtcl-4] Executing : report_utilization -file system_utilization_synth.rpt -pb system_utilization_synth.pb
INFO: [Common 17-206] Exiting Vivado at Mon Feb 11 13:36:06 2019...
