#-----------------------------------------------------------
# Vivado v2018.3 (64-bit)
# SW Build 2405991 on Thu Dec  6 23:38:27 MST 2018
# IP Build 2404404 on Fri Dec  7 01:43:56 MST 2018
# Start of session at: Sun Mar 17 22:25:48 2019
# Process ID: 5036
# Current directory: C:/HWSynLab/Lab01
# Command line: vivado.exe -gui_launcher_event rodinguilauncherevent7276 C:\HWSynLab\Lab01\Lab01.xpr
# Log file: C:/HWSynLab/Lab01/vivado.log
# Journal file: C:/HWSynLab/Lab01\vivado.jou
#-----------------------------------------------------------
Sourcing tcl script 'C:/Users/Jade/AppData/Roaming/Xilinx/Vivado/Vivado_init.tcl'
0 Beta devices matching pattern found, 0 enabled.
start_gui
open_project C:/HWSynLab/Lab01/Lab01.xpr
Scanning sources...
Finished scanning sources
INFO: [IP_Flow 19-234] Refreshing IP repositories
INFO: [IP_Flow 19-1704] No user IP repositories specified
INFO: [IP_Flow 19-2313] Loaded Vivado IP repository 'C:/Xilinx/Vivado/2018.3/data/ip'.
update_compile_order -fileset sources_1
exit
INFO: [Common 17-206] Exiting Vivado at Sun Mar 17 22:26:31 2019...
