
*** Running vivado
    with args -log system.vds -m64 -product Vivado -mode batch -messageDb vivado.pb -notrace -source system.tcl


****** Vivado v2018.3 (64-bit)
  **** SW Build 2405991 on Thu Dec  6 23:38:27 MST 2018
  **** IP Build 2404404 on Fri Dec  7 01:43:56 MST 2018
    ** Copyright 1986-2018 Xilinx, Inc. All Rights Reserved.

Sourcing tcl script 'C:/Users/Jade/AppData/Roaming/Xilinx/Vivado/Vivado_init.tcl'
0 Beta devices matching pattern found, 0 enabled.
source system.tcl -notrace
Command: synth_design -top system -part xc7a35tcpg236-1
Starting synth_design
Attempting to get a license for feature 'Synthesis' and/or device 'xc7a35t'
INFO: [Common 17-349] Got license for feature 'Synthesis' and/or device 'xc7a35t'
INFO: Launching helper process for spawning children vivado processes
INFO: Helper process launched with PID 10492 
WARNING: [Synth 8-2611] redeclaration of ansi port clkDiv is not allowed [C:/HWSynLab/Lab02/Lab02.srcs/sources_1/new/clockDiv.v:27]
WARNING: [Synth 8-2611] redeclaration of ansi port out is not allowed [C:/HWSynLab/Lab02/Lab02.srcs/sources_1/new/hexConversion.v:27]
---------------------------------------------------------------------------------
Starting RTL Elaboration : Time (s): cpu = 00:00:02 ; elapsed = 00:00:02 . Memory (MB): peak = 420.668 ; gain = 111.797
---------------------------------------------------------------------------------
INFO: [Synth 8-6157] synthesizing module 'system' [C:/HWSynLab/Lab02/Lab02.srcs/sources_1/new/system.v:23]
INFO: [Synth 8-6157] synthesizing module 'clockDiv' [C:/HWSynLab/Lab02/Lab02.srcs/sources_1/new/clockDiv.v:23]
INFO: [Synth 8-6155] done synthesizing module 'clockDiv' (1#1) [C:/HWSynLab/Lab02/Lab02.srcs/sources_1/new/clockDiv.v:23]
INFO: [Synth 8-6157] synthesizing module 'displaySeg' [C:/HWSynLab/Lab02/Lab02.srcs/sources_1/new/displaySeg.v:23]
INFO: [Synth 8-6157] synthesizing module 'hexConversion' [C:/HWSynLab/Lab02/Lab02.srcs/sources_1/new/hexConversion.v:23]
INFO: [Synth 8-6155] done synthesizing module 'hexConversion' (2#1) [C:/HWSynLab/Lab02/Lab02.srcs/sources_1/new/hexConversion.v:23]
WARNING: [Synth 8-567] referenced signal 'num0' should be on the sensitivity list [C:/HWSynLab/Lab02/Lab02.srcs/sources_1/new/displaySeg.v:70]
WARNING: [Synth 8-567] referenced signal 'num1' should be on the sensitivity list [C:/HWSynLab/Lab02/Lab02.srcs/sources_1/new/displaySeg.v:70]
WARNING: [Synth 8-567] referenced signal 'num2' should be on the sensitivity list [C:/HWSynLab/Lab02/Lab02.srcs/sources_1/new/displaySeg.v:70]
WARNING: [Synth 8-567] referenced signal 'num3' should be on the sensitivity list [C:/HWSynLab/Lab02/Lab02.srcs/sources_1/new/displaySeg.v:70]
INFO: [Synth 8-6155] done synthesizing module 'displaySeg' (3#1) [C:/HWSynLab/Lab02/Lab02.srcs/sources_1/new/displaySeg.v:23]
INFO: [Synth 8-6155] done synthesizing module 'system' (4#1) [C:/HWSynLab/Lab02/Lab02.srcs/sources_1/new/system.v:23]
---------------------------------------------------------------------------------
Finished RTL Elaboration : Time (s): cpu = 00:00:03 ; elapsed = 00:00:03 . Memory (MB): peak = 453.461 ; gain = 144.590
---------------------------------------------------------------------------------

Report Check Netlist: 
+------+------------------+-------+---------+-------+------------------+
|      |Item              |Errors |Warnings |Status |Description       |
+------+------------------+-------+---------+-------+------------------+
|1     |multi_driven_nets |      0|        0|Passed |Multi driven nets |
+------+------------------+-------+---------+-------+------------------+
---------------------------------------------------------------------------------
Start Handling Custom Attributes
---------------------------------------------------------------------------------
---------------------------------------------------------------------------------
Finished Handling Custom Attributes : Time (s): cpu = 00:00:03 ; elapsed = 00:00:03 . Memory (MB): peak = 453.461 ; gain = 144.590
---------------------------------------------------------------------------------
---------------------------------------------------------------------------------
Finished RTL Optimization Phase 1 : Time (s): cpu = 00:00:03 ; elapsed = 00:00:03 . Memory (MB): peak = 453.461 ; gain = 144.590
---------------------------------------------------------------------------------
INFO: [Device 21-403] Loading part xc7a35tcpg236-1
INFO: [Project 1-570] Preparing netlist for logic optimization

Processing XDC Constraints
Initializing timing engine
Parsing XDC File [C:/Users/Jade/Downloads/Basys-3-Master.xdc]
Finished Parsing XDC File [C:/Users/Jade/Downloads/Basys-3-Master.xdc]
INFO: [Project 1-236] Implementation specific constraints were found while reading constraint file [C:/Users/Jade/Downloads/Basys-3-Master.xdc]. These constraints will be ignored for synthesis but will be used in implementation. Impacted constraints are listed in the file [.Xil/system_propImpl.xdc].
Resolution: To avoid this warning, move constraints listed in [.Xil/system_propImpl.xdc] to another XDC file and exclude this new file from synthesis with the used_in_synthesis property (File Properties dialog in GUI) and re-run elaboration/synthesis.
Netlist sorting complete. Time (s): cpu = 00:00:00 ; elapsed = 00:00:00 . Memory (MB): peak = 766.660 ; gain = 0.000
Completed Processing XDC Constraints

Netlist sorting complete. Time (s): cpu = 00:00:00 ; elapsed = 00:00:00 . Memory (MB): peak = 766.660 ; gain = 0.000
INFO: [Project 1-111] Unisim Transformation Summary:
No Unisim elements were transformed.

Netlist sorting complete. Time (s): cpu = 00:00:00 ; elapsed = 00:00:00 . Memory (MB): peak = 766.660 ; gain = 0.000
Constraint Validation Runtime : Time (s): cpu = 00:00:00 ; elapsed = 00:00:00.002 . Memory (MB): peak = 766.660 ; gain = 0.000
---------------------------------------------------------------------------------
Finished Constraint Validation : Time (s): cpu = 00:00:09 ; elapsed = 00:00:10 . Memory (MB): peak = 766.660 ; gain = 457.789
---------------------------------------------------------------------------------
---------------------------------------------------------------------------------
Start Loading Part and Timing Information
---------------------------------------------------------------------------------
Loading part: xc7a35tcpg236-1
---------------------------------------------------------------------------------
Finished Loading Part and Timing Information : Time (s): cpu = 00:00:09 ; elapsed = 00:00:10 . Memory (MB): peak = 766.660 ; gain = 457.789
---------------------------------------------------------------------------------
---------------------------------------------------------------------------------
Start Applying 'set_property' XDC Constraints
---------------------------------------------------------------------------------
---------------------------------------------------------------------------------
Finished applying 'set_property' XDC Constraints : Time (s): cpu = 00:00:09 ; elapsed = 00:00:10 . Memory (MB): peak = 766.660 ; gain = 457.789
---------------------------------------------------------------------------------
---------------------------------------------------------------------------------
Finished RTL Optimization Phase 2 : Time (s): cpu = 00:00:09 ; elapsed = 00:00:10 . Memory (MB): peak = 766.660 ; gain = 457.789
---------------------------------------------------------------------------------

Report RTL Partitions: 
+-+--------------+------------+----------+
| |RTL Partition |Replication |Instances |
+-+--------------+------------+----------+
+-+--------------+------------+----------+
---------------------------------------------------------------------------------
Start RTL Component Statistics 
---------------------------------------------------------------------------------
Detailed RTL Component Info : 
+---Adders : 
	   2 Input      2 Bit       Adders := 1     
+---Registers : 
	                2 Bit    Registers := 1     
	                1 Bit    Registers := 19    
+---Muxes : 
	   4 Input      4 Bit        Muxes := 2     
---------------------------------------------------------------------------------
Finished RTL Component Statistics 
---------------------------------------------------------------------------------
---------------------------------------------------------------------------------
Start RTL Hierarchical Component Statistics 
---------------------------------------------------------------------------------
Hierarchical RTL Component report 
Module clockDiv 
Detailed RTL Component Info : 
+---Registers : 
	                1 Bit    Registers := 1     
Module displaySeg 
Detailed RTL Component Info : 
+---Adders : 
	   2 Input      2 Bit       Adders := 1     
+---Registers : 
	                2 Bit    Registers := 1     
+---Muxes : 
	   4 Input      4 Bit        Muxes := 2     
---------------------------------------------------------------------------------
Finished RTL Hierarchical Component Statistics
---------------------------------------------------------------------------------
---------------------------------------------------------------------------------
Start Part Resource Summary
---------------------------------------------------------------------------------
Part Resources:
DSPs: 90 (col length:60)
BRAMs: 100 (col length: RAMB18 60 RAMB36 30)
---------------------------------------------------------------------------------
Finished Part Resource Summary
---------------------------------------------------------------------------------
---------------------------------------------------------------------------------
Start Cross Boundary and Area Optimization
---------------------------------------------------------------------------------
Warning: Parallel synthesis criteria is not met 
WARNING: [Synth 8-3917] design system has port dp driven by constant 0
---------------------------------------------------------------------------------
Finished Cross Boundary and Area Optimization : Time (s): cpu = 00:00:10 ; elapsed = 00:00:11 . Memory (MB): peak = 766.660 ; gain = 457.789
---------------------------------------------------------------------------------

Report RTL Partitions: 
+-+--------------+------------+----------+
| |RTL Partition |Replication |Instances |
+-+--------------+------------+----------+
+-+--------------+------------+----------+
---------------------------------------------------------------------------------
Start Applying XDC Timing Constraints
---------------------------------------------------------------------------------
---------------------------------------------------------------------------------
Finished Applying XDC Timing Constraints : Time (s): cpu = 00:00:17 ; elapsed = 00:00:18 . Memory (MB): peak = 780.004 ; gain = 471.133
---------------------------------------------------------------------------------
---------------------------------------------------------------------------------
Start Timing Optimization
---------------------------------------------------------------------------------
---------------------------------------------------------------------------------
Finished Timing Optimization : Time (s): cpu = 00:00:17 ; elapsed = 00:00:18 . Memory (MB): peak = 780.156 ; gain = 471.285
---------------------------------------------------------------------------------

Report RTL Partitions: 
+-+--------------+------------+----------+
| |RTL Partition |Replication |Instances |
+-+--------------+------------+----------+
+-+--------------+------------+----------+
---------------------------------------------------------------------------------
Start Technology Mapping
---------------------------------------------------------------------------------
---------------------------------------------------------------------------------
Finished Technology Mapping : Time (s): cpu = 00:00:17 ; elapsed = 00:00:18 . Memory (MB): peak = 789.688 ; gain = 480.816
---------------------------------------------------------------------------------

Report RTL Partitions: 
+-+--------------+------------+----------+
| |RTL Partition |Replication |Instances |
+-+--------------+------------+----------+
+-+--------------+------------+----------+
---------------------------------------------------------------------------------
Start IO Insertion
---------------------------------------------------------------------------------
---------------------------------------------------------------------------------
Start Flattening Before IO Insertion
---------------------------------------------------------------------------------
---------------------------------------------------------------------------------
Finished Flattening Before IO Insertion
---------------------------------------------------------------------------------
---------------------------------------------------------------------------------
Start Final Netlist Cleanup
---------------------------------------------------------------------------------
---------------------------------------------------------------------------------
Finished Final Netlist Cleanup
---------------------------------------------------------------------------------
---------------------------------------------------------------------------------
Finished IO Insertion : Time (s): cpu = 00:00:18 ; elapsed = 00:00:19 . Memory (MB): peak = 789.688 ; gain = 480.816
---------------------------------------------------------------------------------

Report Check Netlist: 
+------+------------------+-------+---------+-------+------------------+
|      |Item              |Errors |Warnings |Status |Description       |
+------+------------------+-------+---------+-------+------------------+
|1     |multi_driven_nets |      0|        0|Passed |Multi driven nets |
+------+------------------+-------+---------+-------+------------------+
---------------------------------------------------------------------------------
Start Renaming Generated Instances
---------------------------------------------------------------------------------
---------------------------------------------------------------------------------
Finished Renaming Generated Instances : Time (s): cpu = 00:00:18 ; elapsed = 00:00:19 . Memory (MB): peak = 789.688 ; gain = 480.816
---------------------------------------------------------------------------------

Report RTL Partitions: 
+-+--------------+------------+----------+
| |RTL Partition |Replication |Instances |
+-+--------------+------------+----------+
+-+--------------+------------+----------+
---------------------------------------------------------------------------------
Start Rebuilding User Hierarchy
---------------------------------------------------------------------------------
---------------------------------------------------------------------------------
Finished Rebuilding User Hierarchy : Time (s): cpu = 00:00:18 ; elapsed = 00:00:19 . Memory (MB): peak = 789.688 ; gain = 480.816
---------------------------------------------------------------------------------
---------------------------------------------------------------------------------
Start Renaming Generated Ports
---------------------------------------------------------------------------------
---------------------------------------------------------------------------------
Finished Renaming Generated Ports : Time (s): cpu = 00:00:18 ; elapsed = 00:00:19 . Memory (MB): peak = 789.688 ; gain = 480.816
---------------------------------------------------------------------------------
---------------------------------------------------------------------------------
Start Handling Custom Attributes
---------------------------------------------------------------------------------
---------------------------------------------------------------------------------
Finished Handling Custom Attributes : Time (s): cpu = 00:00:18 ; elapsed = 00:00:19 . Memory (MB): peak = 789.688 ; gain = 480.816
---------------------------------------------------------------------------------
---------------------------------------------------------------------------------
Start Renaming Generated Nets
---------------------------------------------------------------------------------
---------------------------------------------------------------------------------
Finished Renaming Generated Nets : Time (s): cpu = 00:00:18 ; elapsed = 00:00:19 . Memory (MB): peak = 789.688 ; gain = 480.816
---------------------------------------------------------------------------------
---------------------------------------------------------------------------------
Start Writing Synthesis Report
---------------------------------------------------------------------------------

Report BlackBoxes: 
+-+--------------+----------+
| |BlackBox name |Instances |
+-+--------------+----------+
+-+--------------+----------+

Report Cell Usage: 
+------+-----+------+
|      |Cell |Count |
+------+-----+------+
|1     |BUFG |     1|
|2     |LUT1 |    20|
|3     |LUT2 |    10|
|4     |FDRE |    21|
|5     |IBUF |     1|
|6     |OBUF |    12|
+------+-----+------+

Report Instance Areas: 
+------+---------------------+--------------+------+
|      |Instance             |Module        |Cells |
+------+---------------------+--------------+------+
|1     |top                  |              |    65|
|2     |  d                  |displaySeg    |    13|
|3     |    decoder          |hexConversion |     4|
|4     |  fDivTarget         |clockDiv      |     2|
|5     |  \genblk1[0].fDiv   |clockDiv_0    |     2|
|6     |  \genblk1[10].fDiv  |clockDiv_1    |     2|
|7     |  \genblk1[11].fDiv  |clockDiv_2    |     2|
|8     |  \genblk1[12].fDiv  |clockDiv_3    |     2|
|9     |  \genblk1[13].fDiv  |clockDiv_4    |     2|
|10    |  \genblk1[14].fDiv  |clockDiv_5    |     2|
|11    |  \genblk1[15].fDiv  |clockDiv_6    |     2|
|12    |  \genblk1[16].fDiv  |clockDiv_7    |     2|
|13    |  \genblk1[17].fDiv  |clockDiv_8    |     2|
|14    |  \genblk1[1].fDiv   |clockDiv_9    |     2|
|15    |  \genblk1[2].fDiv   |clockDiv_10   |     2|
|16    |  \genblk1[3].fDiv   |clockDiv_11   |     2|
|17    |  \genblk1[4].fDiv   |clockDiv_12   |     2|
|18    |  \genblk1[5].fDiv   |clockDiv_13   |     2|
|19    |  \genblk1[6].fDiv   |clockDiv_14   |     2|
|20    |  \genblk1[7].fDiv   |clockDiv_15   |     2|
|21    |  \genblk1[8].fDiv   |clockDiv_16   |     2|
|22    |  \genblk1[9].fDiv   |clockDiv_17   |     2|
+------+---------------------+--------------+------+
---------------------------------------------------------------------------------
Finished Writing Synthesis Report : Time (s): cpu = 00:00:18 ; elapsed = 00:00:19 . Memory (MB): peak = 789.688 ; gain = 480.816
---------------------------------------------------------------------------------
Synthesis finished with 0 errors, 0 critical warnings and 1 warnings.
Synthesis Optimization Runtime : Time (s): cpu = 00:00:12 ; elapsed = 00:00:15 . Memory (MB): peak = 789.688 ; gain = 167.617
Synthesis Optimization Complete : Time (s): cpu = 00:00:19 ; elapsed = 00:00:19 . Memory (MB): peak = 789.688 ; gain = 480.816
INFO: [Project 1-571] Translating synthesized netlist
INFO: [Project 1-570] Preparing netlist for logic optimization
INFO: [Opt 31-138] Pushed 0 inverter(s) to 0 load pin(s).
Netlist sorting complete. Time (s): cpu = 00:00:00 ; elapsed = 00:00:00 . Memory (MB): peak = 798.813 ; gain = 0.000
INFO: [Project 1-111] Unisim Transformation Summary:
No Unisim elements were transformed.

INFO: [Common 17-83] Releasing license: Synthesis
18 Infos, 7 Warnings, 0 Critical Warnings and 0 Errors encountered.
synth_design completed successfully
synth_design: Time (s): cpu = 00:00:20 ; elapsed = 00:00:21 . Memory (MB): peak = 798.813 ; gain = 502.570
Netlist sorting complete. Time (s): cpu = 00:00:00 ; elapsed = 00:00:00 . Memory (MB): peak = 798.813 ; gain = 0.000
WARNING: [Constraints 18-5210] No constraints selected for write.
Resolution: This message can indicate that there are no constraints for the design, or it can indicate that the used_in flags are set such that the constraints are ignored. This later case is used when running synth_design to not write synthesis constraints to the resulting checkpoint. Instead, project constraints are read when the synthesized design is opened.
INFO: [Common 17-1381] The checkpoint 'C:/HWSynLab/Lab02/Lab02.runs/synth_1/system.dcp' has been generated.
INFO: [runtcl-4] Executing : report_utilization -file system_utilization_synth.rpt -pb system_utilization_synth.pb
INFO: [Common 17-206] Exiting Vivado at Sat Feb  2 11:38:40 2019...
